  Scenario.cpp
Scenario.cpp(57): warning C4244: '=': conversion from 'double' to 'float', possible loss of data
Scenario.cpp(186): warning C4244: 'argument': conversion from 'time_t' to 'unsigned int', possible loss of data
Scenario.cpp(204): warning C4244: 'argument': conversion from 'time_t' to 'unsigned int', possible loss of data
Scenario.cpp(290): warning C4390: ';': empty controlled statement found; is this the intent?
Scenario.cpp(298): warning C4390: ';': empty controlled statement found; is this the intent?
Scenario.cpp(362): warning C4244: '=': conversion from 'double' to 'float', possible loss of data
Scenario.cpp(363): warning C4244: '=': conversion from 'double' to 'float', possible loss of data
Scenario.cpp(364): warning C4244: '=': conversion from 'double' to 'float', possible loss of data
Scenario.cpp(494): warning C4244: '=': conversion from 'double' to 'float', possible loss of data
Scenario.cpp(495): warning C4244: '=': conversion from 'double' to 'float', possible loss of data
Scenario.cpp(496): warning C4244: '=': conversion from 'double' to 'float', possible loss of data
  Generating code
  6 of 346 functions ( 1.7%) were compiled, the rest were copied from previous compilation.
    0 functions were new in current compilation
    1 functions had inline decision re-evaluated but remain unchanged
  Finished generating code
  DeepGTAV.vcxproj -> E:\gitrepo\DeepGTAV-master - Copy\bin\Release\DeepGTAV.asi
  bin\Release\DeepGTAV.asi
  bin\Release\DeepGTAV.iobj
  bin\Release\DeepGTAV.ipdb
  bin\Release\DeepGTAV.pdb
  bin\Release\dinput8.dll
  The process cannot access the file because it is being used by another process.
  bin\Release\ScriptHookV.dll
  The process cannot access the file because it is being used by another process.
          4 file(s) copied.
C:\Program Files (x86)\Microsoft Visual Studio\2017\Community\Common7\IDE\VC\VCTargets\Microsoft.CppCommon.targets(133,5): error MSB3073: The command "copy "bin\Release\*" "E:\Documents\Steam\steamapps\common\Grand Theft Auto V\"
C:\Program Files (x86)\Microsoft Visual Studio\2017\Community\Common7\IDE\VC\VCTargets\Microsoft.CppCommon.targets(133,5): error MSB3073: :VCEnd" exited with code 1.
