e:\gitrepo\deepgtav-master\tmp\release\vc141.pdb
e:\gitrepo\deepgtav-master\tmp\release\utils.obj
e:\gitrepo\deepgtav-master\tmp\release\tinyxml2.obj
e:\gitrepo\deepgtav-master\tmp\release\server.obj
e:\gitrepo\deepgtav-master\tmp\release\speedrewarder.obj
e:\gitrepo\deepgtav-master\tmp\release\script.obj
e:\gitrepo\deepgtav-master\tmp\release\screencapturer.obj
e:\gitrepo\deepgtav-master\tmp\release\scenario.obj
e:\gitrepo\deepgtav-master\tmp\release\main.obj
e:\gitrepo\deepgtav-master\tmp\release\lanerewarder.obj
e:\gitrepo\deepgtav-master\tmp\release\generalrewarder.obj
e:\gitrepo\deepgtav-master\tmp\release\lidar.obj
e:\gitrepo\deepgtav-master\bin\release\deepgtav.ipdb
e:\gitrepo\deepgtav-master\bin\release\deepgtav.iobj
e:\gitrepo\deepgtav-master\bin\release\deepgtav.asi
e:\gitrepo\deepgtav-master\bin\release\deepgtav.pdb
e:\gitrepo\deepgtav-master\tmp\release\deepgtav.tlog\cl.command.1.tlog
e:\gitrepo\deepgtav-master\tmp\release\deepgtav.tlog\cl.read.1.tlog
e:\gitrepo\deepgtav-master\tmp\release\deepgtav.tlog\cl.write.1.tlog
e:\gitrepo\deepgtav-master\tmp\release\deepgtav.tlog\deepgtav.write.1u.tlog
e:\gitrepo\deepgtav-master\tmp\release\deepgtav.tlog\link.command.1.tlog
e:\gitrepo\deepgtav-master\tmp\release\deepgtav.tlog\link.read.1.tlog
e:\gitrepo\deepgtav-master\tmp\release\deepgtav.tlog\link.write.1.tlog
